Line 52: Class VSFlex7DAOCtl.VSFlexGrid of control grdRomaneio was not a loaded control class.
Line 379: Class CentroDeDistribuicao.chameleonButton of control cmdImprimir was not a loaded control class.
Line 418: Class CentroDeDistribuicao.chameleonButton of control cmdCriarRomaneio was not a loaded control class.
Line 457: Class CentroDeDistribuicao.chameleonButton of control cmdPesquisa was not a loaded control class.
Line 496: Class CentroDeDistribuicao.chameleonButton of control cmdRetorna was not a loaded control class.
Line 535: Class CentroDeDistribuicao.chameleonButton of control cmdLimpa was not a loaded control class.
Line 574: Class CentroDeDistribuicao.chameleonButton of control cmdImprimiRomaneio was not a loaded control class.
Line 614: Class VSFlex7DAOCtl.VSFlexGrid of control grd2 was not a loaded control class.
Line 707: Class VSFlex7DAOCtl.VSFlexGrid of control grdLojas was not a loaded control class.
Line 58: The property name _cx in grdRomaneio is invalid.
Line 59: The property name _cy in grdRomaneio is invalid.
Line 60: The property name _ConvInfo in grdRomaneio is invalid.
Line 76: The property name BackColorFixed in grdRomaneio is invalid.
Line 77: The property name ForeColorFixed in grdRomaneio is invalid.
Line 78: The property name BackColorSel in grdRomaneio is invalid.
Line 79: The property name ForeColorSel in grdRomaneio is invalid.
Line 80: The property name BackColorBkg in grdRomaneio is invalid.
Line 81: The property name BackColorAlternate in grdRomaneio is invalid.
Line 82: The property name GridColor in grdRomaneio is invalid.
Line 83: The property name GridColorFixed in grdRomaneio is invalid.
Line 84: The property name TreeColor in grdRomaneio is invalid.
Line 85: The property name FloodColor in grdRomaneio is invalid.
Line 86: The property name SheetBorder in grdRomaneio is invalid.
Line 87: The property name FocusRect in grdRomaneio is invalid.
Line 88: The property name HighLight in grdRomaneio is invalid.
Line 89: The property name AllowSelection in grdRomaneio is invalid.
Line 90: The property name AllowBigSelection in grdRomaneio is invalid.
Line 91: The property name AllowUserResizing in grdRomaneio is invalid.
Line 92: The property name SelectionMode in grdRomaneio is invalid.
Line 93: The property name GridLines in grdRomaneio is invalid.
Line 94: The property name GridLinesFixed in grdRomaneio is invalid.
Line 95: The property name GridLineWidth in grdRomaneio is invalid.
Line 96: The property name Rows in grdRomaneio is invalid.
Line 97: The property name Cols in grdRomaneio is invalid.
Line 98: The property name FixedRows in grdRomaneio is invalid.
Line 99: The property name FixedCols in grdRomaneio is invalid.
Line 100: The property name RowHeightMin in grdRomaneio is invalid.
Line 101: The property name RowHeightMax in grdRomaneio is invalid.
Line 102: The property name ColWidthMin in grdRomaneio is invalid.
Line 103: The property name ColWidthMax in grdRomaneio is invalid.
Line 104: The property name ExtendLastCol in grdRomaneio is invalid.
Line 105: The property name FormatString in grdRomaneio is invalid.
Line 106: The property name ScrollTrack in grdRomaneio is invalid.
Line 107: The property name ScrollBars in grdRomaneio is invalid.
Line 108: The property name ScrollTips in grdRomaneio is invalid.
Line 109: The property name MergeCells in grdRomaneio is invalid.
Line 110: The property name MergeCompare in grdRomaneio is invalid.
Line 111: The property name AutoResize in grdRomaneio is invalid.
Line 112: The property name AutoSizeMode in grdRomaneio is invalid.
Line 113: The property name AutoSearch in grdRomaneio is invalid.
Line 114: The property name AutoSearchDelay in grdRomaneio is invalid.
Line 115: The property name MultiTotals in grdRomaneio is invalid.
Line 116: The property name SubtotalPosition in grdRomaneio is invalid.
Line 117: The property name OutlineBar in grdRomaneio is invalid.
Line 118: The property name OutlineCol in grdRomaneio is invalid.
Line 119: The property name Ellipsis in grdRomaneio is invalid.
Line 120: The property name ExplorerBar in grdRomaneio is invalid.
Line 121: The property name PicturesOver in grdRomaneio is invalid.
Line 124: The property name PictureType in grdRomaneio is invalid.
Line 125: The property name TabBehavior in grdRomaneio is invalid.
Line 126: The property name OwnerDraw in grdRomaneio is invalid.
Line 127: The property name Editable in grdRomaneio is invalid.
Line 128: The property name ShowComboButton in grdRomaneio is invalid.
Line 129: The property name WordWrap in grdRomaneio is invalid.
Line 130: The property name TextStyle in grdRomaneio is invalid.
Line 131: The property name TextStyleFixed in grdRomaneio is invalid.
Line 134: The property name DataMode in grdRomaneio is invalid.
Line 135: The property name VirtualData in grdRomaneio is invalid.
Line 136: The property name ComboSearch in grdRomaneio is invalid.
Line 137: The property name AutoSizeMouse in grdRomaneio is invalid.
Line 138: The property name FrozenRows in grdRomaneio is invalid.
Line 139: The property name FrozenCols in grdRomaneio is invalid.
Line 140: The property name AllowUserFreezing in grdRomaneio is invalid.
Line 141: The property name BackColorFrozen in grdRomaneio is invalid.
Line 142: The property name ForeColorFrozen in grdRomaneio is invalid.
Line 143: The property name WallPaperAlignment in grdRomaneio is invalid.
Line 386: The property name _ExtentX in cmdImprimir is invalid.
Line 387: The property name _ExtentY in cmdImprimir is invalid.
Line 388: The property name BTYPE in cmdImprimir is invalid.
Line 389: The property name TX in cmdImprimir is invalid.
Line 390: The property name ENAB in cmdImprimir is invalid.
Line 400: The property name COLTYPE in cmdImprimir is invalid.
Line 401: The property name FOCUSR in cmdImprimir is invalid.
Line 402: The property name BCOL in cmdImprimir is invalid.
Line 403: The property name BCOLO in cmdImprimir is invalid.
Line 404: The property name FCOL in cmdImprimir is invalid.
Line 405: The property name FCOLO in cmdImprimir is invalid.
Line 406: The property name MCOL in cmdImprimir is invalid.
Line 407: The property name MPTR in cmdImprimir is invalid.
Line 408: The property name MICON in cmdImprimir is invalid.
Line 409: The property name UMCOL in cmdImprimir is invalid.
Line 410: The property name SOFT in cmdImprimir is invalid.
Line 411: The property name PICPOS in cmdImprimir is invalid.
Line 412: The property name NGREY in cmdImprimir is invalid.
Line 413: The property name FX in cmdImprimir is invalid.
Line 414: The property name HAND in cmdImprimir is invalid.
Line 415: The property name CHECK in cmdImprimir is invalid.
Line 416: The property name VALUE in cmdImprimir is invalid.
Line 425: The property name _ExtentX in cmdCriarRomaneio is invalid.
Line 426: The property name _ExtentY in cmdCriarRomaneio is invalid.
Line 427: The property name BTYPE in cmdCriarRomaneio is invalid.
Line 428: The property name TX in cmdCriarRomaneio is invalid.
Line 429: The property name ENAB in cmdCriarRomaneio is invalid.
Line 439: The property name COLTYPE in cmdCriarRomaneio is invalid.
Line 440: The property name FOCUSR in cmdCriarRomaneio is invalid.
Line 441: The property name BCOL in cmdCriarRomaneio is invalid.
Line 442: The property name BCOLO in cmdCriarRomaneio is invalid.
Line 443: The property name FCOL in cmdCriarRomaneio is invalid.
Line 444: The property name FCOLO in cmdCriarRomaneio is invalid.
Line 445: The property name MCOL in cmdCriarRomaneio is invalid.
Line 446: The property name MPTR in cmdCriarRomaneio is invalid.
Line 447: The property name MICON in cmdCriarRomaneio is invalid.
Line 448: The property name UMCOL in cmdCriarRomaneio is invalid.
Line 449: The property name SOFT in cmdCriarRomaneio is invalid.
Line 450: The property name PICPOS in cmdCriarRomaneio is invalid.
Line 451: The property name NGREY in cmdCriarRomaneio is invalid.
Line 452: The property name FX in cmdCriarRomaneio is invalid.
Line 453: The property name HAND in cmdCriarRomaneio is invalid.
Line 454: The property name CHECK in cmdCriarRomaneio is invalid.
Line 455: The property name VALUE in cmdCriarRomaneio is invalid.
Line 464: The property name _ExtentX in cmdPesquisa is invalid.
Line 465: The property name _ExtentY in cmdPesquisa is invalid.
Line 466: The property name BTYPE in cmdPesquisa is invalid.
Line 467: The property name TX in cmdPesquisa is invalid.
Line 468: The property name ENAB in cmdPesquisa is invalid.
Line 478: The property name COLTYPE in cmdPesquisa is invalid.
Line 479: The property name FOCUSR in cmdPesquisa is invalid.
Line 480: The property name BCOL in cmdPesquisa is invalid.
Line 481: The property name BCOLO in cmdPesquisa is invalid.
Line 482: The property name FCOL in cmdPesquisa is invalid.
Line 483: The property name FCOLO in cmdPesquisa is invalid.
Line 484: The property name MCOL in cmdPesquisa is invalid.
Line 485: The property name MPTR in cmdPesquisa is invalid.
Line 486: The property name MICON in cmdPesquisa is invalid.
Line 487: The property name UMCOL in cmdPesquisa is invalid.
Line 488: The property name SOFT in cmdPesquisa is invalid.
Line 489: The property name PICPOS in cmdPesquisa is invalid.
Line 490: The property name NGREY in cmdPesquisa is invalid.
Line 491: The property name FX in cmdPesquisa is invalid.
Line 492: The property name HAND in cmdPesquisa is invalid.
Line 493: The property name CHECK in cmdPesquisa is invalid.
Line 494: The property name VALUE in cmdPesquisa is invalid.
Line 503: The property name _ExtentX in cmdRetorna is invalid.
Line 504: The property name _ExtentY in cmdRetorna is invalid.
Line 505: The property name BTYPE in cmdRetorna is invalid.
Line 506: The property name TX in cmdRetorna is invalid.
Line 507: The property name ENAB in cmdRetorna is invalid.
Line 517: The property name COLTYPE in cmdRetorna is invalid.
Line 518: The property name FOCUSR in cmdRetorna is invalid.
Line 519: The property name BCOL in cmdRetorna is invalid.
Line 520: The property name BCOLO in cmdRetorna is invalid.
Line 521: The property name FCOL in cmdRetorna is invalid.
Line 522: The property name FCOLO in cmdRetorna is invalid.
Line 523: The property name MCOL in cmdRetorna is invalid.
Line 524: The property name MPTR in cmdRetorna is invalid.
Line 525: The property name MICON in cmdRetorna is invalid.
Line 526: The property name UMCOL in cmdRetorna is invalid.
Line 527: The property name SOFT in cmdRetorna is invalid.
Line 528: The property name PICPOS in cmdRetorna is invalid.
Line 529: The property name NGREY in cmdRetorna is invalid.
Line 530: The property name FX in cmdRetorna is invalid.
Line 531: The property name HAND in cmdRetorna is invalid.
Line 532: The property name CHECK in cmdRetorna is invalid.
Line 533: The property name VALUE in cmdRetorna is invalid.
Line 542: The property name _ExtentX in cmdLimpa is invalid.
Line 543: The property name _ExtentY in cmdLimpa is invalid.
Line 544: The property name BTYPE in cmdLimpa is invalid.
Line 545: The property name TX in cmdLimpa is invalid.
Line 546: The property name ENAB in cmdLimpa is invalid.
Line 556: The property name COLTYPE in cmdLimpa is invalid.
Line 557: The property name FOCUSR in cmdLimpa is invalid.
Line 558: The property name BCOL in cmdLimpa is invalid.
Line 559: The property name BCOLO in cmdLimpa is invalid.
Line 560: The property name FCOL in cmdLimpa is invalid.
Line 561: The property name FCOLO in cmdLimpa is invalid.
Line 562: The property name MCOL in cmdLimpa is invalid.
Line 563: The property name MPTR in cmdLimpa is invalid.
Line 564: The property name MICON in cmdLimpa is invalid.
Line 565: The property name UMCOL in cmdLimpa is invalid.
Line 566: The property name SOFT in cmdLimpa is invalid.
Line 567: The property name PICPOS in cmdLimpa is invalid.
Line 568: The property name NGREY in cmdLimpa is invalid.
Line 569: The property name FX in cmdLimpa is invalid.
Line 570: The property name HAND in cmdLimpa is invalid.
Line 571: The property name CHECK in cmdLimpa is invalid.
Line 572: The property name VALUE in cmdLimpa is invalid.
Line 582: The property name _ExtentX in cmdImprimiRomaneio is invalid.
Line 583: The property name _ExtentY in cmdImprimiRomaneio is invalid.
Line 584: The property name BTYPE in cmdImprimiRomaneio is invalid.
Line 585: The property name TX in cmdImprimiRomaneio is invalid.
Line 586: The property name ENAB in cmdImprimiRomaneio is invalid.
Line 596: The property name COLTYPE in cmdImprimiRomaneio is invalid.
Line 597: The property name FOCUSR in cmdImprimiRomaneio is invalid.
Line 598: The property name BCOL in cmdImprimiRomaneio is invalid.
Line 599: The property name BCOLO in cmdImprimiRomaneio is invalid.
Line 600: The property name FCOL in cmdImprimiRomaneio is invalid.
Line 601: The property name FCOLO in cmdImprimiRomaneio is invalid.
Line 602: The property name MCOL in cmdImprimiRomaneio is invalid.
Line 603: The property name MPTR in cmdImprimiRomaneio is invalid.
Line 604: The property name MICON in cmdImprimiRomaneio is invalid.
Line 605: The property name UMCOL in cmdImprimiRomaneio is invalid.
Line 606: The property name SOFT in cmdImprimiRomaneio is invalid.
Line 607: The property name PICPOS in cmdImprimiRomaneio is invalid.
Line 608: The property name NGREY in cmdImprimiRomaneio is invalid.
Line 609: The property name FX in cmdImprimiRomaneio is invalid.
Line 610: The property name HAND in cmdImprimiRomaneio is invalid.
Line 611: The property name CHECK in cmdImprimiRomaneio is invalid.
Line 612: The property name VALUE in cmdImprimiRomaneio is invalid.
Line 620: The property name _cx in grd2 is invalid.
Line 621: The property name _cy in grd2 is invalid.
Line 622: The property name _ConvInfo in grd2 is invalid.
Line 638: The property name BackColorFixed in grd2 is invalid.
Line 639: The property name ForeColorFixed in grd2 is invalid.
Line 640: The property name BackColorSel in grd2 is invalid.
Line 641: The property name ForeColorSel in grd2 is invalid.
Line 642: The property name BackColorBkg in grd2 is invalid.
Line 643: The property name BackColorAlternate in grd2 is invalid.
Line 644: The property name GridColor in grd2 is invalid.
Line 645: The property name GridColorFixed in grd2 is invalid.
Line 646: The property name TreeColor in grd2 is invalid.
Line 647: The property name FloodColor in grd2 is invalid.
Line 648: The property name SheetBorder in grd2 is invalid.
Line 649: The property name FocusRect in grd2 is invalid.
Line 650: The property name HighLight in grd2 is invalid.
Line 651: The property name AllowSelection in grd2 is invalid.
Line 652: The property name AllowBigSelection in grd2 is invalid.
Line 653: The property name AllowUserResizing in grd2 is invalid.
Line 654: The property name SelectionMode in grd2 is invalid.
Line 655: The property name GridLines in grd2 is invalid.
Line 656: The property name GridLinesFixed in grd2 is invalid.
Line 657: The property name GridLineWidth in grd2 is invalid.
Line 658: The property name Rows in grd2 is invalid.
Line 659: The property name Cols in grd2 is invalid.
Line 660: The property name FixedRows in grd2 is invalid.
Line 661: The property name FixedCols in grd2 is invalid.
Line 662: The property name RowHeightMin in grd2 is invalid.
Line 663: The property name RowHeightMax in grd2 is invalid.
Line 664: The property name ColWidthMin in grd2 is invalid.
Line 665: The property name ColWidthMax in grd2 is invalid.
Line 666: The property name ExtendLastCol in grd2 is invalid.
Line 667: The property name FormatString in grd2 is invalid.
Line 668: The property name ScrollTrack in grd2 is invalid.
Line 669: The property name ScrollBars in grd2 is invalid.
Line 670: The property name ScrollTips in grd2 is invalid.
Line 671: The property name MergeCells in grd2 is invalid.
Line 672: The property name MergeCompare in grd2 is invalid.
Line 673: The property name AutoResize in grd2 is invalid.
Line 674: The property name AutoSizeMode in grd2 is invalid.
Line 675: The property name AutoSearch in grd2 is invalid.
Line 676: The property name AutoSearchDelay in grd2 is invalid.
Line 677: The property name MultiTotals in grd2 is invalid.
Line 678: The property name SubtotalPosition in grd2 is invalid.
Line 679: The property name OutlineBar in grd2 is invalid.
Line 680: The property name OutlineCol in grd2 is invalid.
Line 681: The property name Ellipsis in grd2 is invalid.
Line 682: The property name ExplorerBar in grd2 is invalid.
Line 683: The property name PicturesOver in grd2 is invalid.
Line 686: The property name PictureType in grd2 is invalid.
Line 687: The property name TabBehavior in grd2 is invalid.
Line 688: The property name OwnerDraw in grd2 is invalid.
Line 689: The property name Editable in grd2 is invalid.
Line 690: The property name ShowComboButton in grd2 is invalid.
Line 691: The property name WordWrap in grd2 is invalid.
Line 692: The property name TextStyle in grd2 is invalid.
Line 693: The property name TextStyleFixed in grd2 is invalid.
Line 696: The property name DataMode in grd2 is invalid.
Line 697: The property name VirtualData in grd2 is invalid.
Line 698: The property name ComboSearch in grd2 is invalid.
Line 699: The property name AutoSizeMouse in grd2 is invalid.
Line 700: The property name FrozenRows in grd2 is invalid.
Line 701: The property name FrozenCols in grd2 is invalid.
Line 702: The property name AllowUserFreezing in grd2 is invalid.
Line 703: The property name BackColorFrozen in grd2 is invalid.
Line 704: The property name ForeColorFrozen in grd2 is invalid.
Line 705: The property name WallPaperAlignment in grd2 is invalid.
Line 713: The property name _cx in grdLojas is invalid.
Line 714: The property name _cy in grdLojas is invalid.
Line 715: The property name _ConvInfo in grdLojas is invalid.
Line 731: The property name BackColorFixed in grdLojas is invalid.
Line 732: The property name ForeColorFixed in grdLojas is invalid.
Line 733: The property name BackColorSel in grdLojas is invalid.
Line 734: The property name ForeColorSel in grdLojas is invalid.
Line 735: The property name BackColorBkg in grdLojas is invalid.
Line 736: The property name BackColorAlternate in grdLojas is invalid.
Line 737: The property name GridColor in grdLojas is invalid.
Line 738: The property name GridColorFixed in grdLojas is invalid.
Line 739: The property name TreeColor in grdLojas is invalid.
Line 740: The property name FloodColor in grdLojas is invalid.
Line 741: The property name SheetBorder in grdLojas is invalid.
Line 742: The property name FocusRect in grdLojas is invalid.
Line 743: The property name HighLight in grdLojas is invalid.
Line 744: The property name AllowSelection in grdLojas is invalid.
Line 745: The property name AllowBigSelection in grdLojas is invalid.
Line 746: The property name AllowUserResizing in grdLojas is invalid.
Line 747: The property name SelectionMode in grdLojas is invalid.
Line 748: The property name GridLines in grdLojas is invalid.
Line 749: The property name GridLinesFixed in grdLojas is invalid.
Line 750: The property name GridLineWidth in grdLojas is invalid.
Line 751: The property name Rows in grdLojas is invalid.
Line 752: The property name Cols in grdLojas is invalid.
Line 753: The property name FixedRows in grdLojas is invalid.
Line 754: The property name FixedCols in grdLojas is invalid.
Line 755: The property name RowHeightMin in grdLojas is invalid.
Line 756: The property name RowHeightMax in grdLojas is invalid.
Line 757: The property name ColWidthMin in grdLojas is invalid.
Line 758: The property name ColWidthMax in grdLojas is invalid.
Line 759: The property name ExtendLastCol in grdLojas is invalid.
Line 760: The property name FormatString in grdLojas is invalid.
Line 761: The property name ScrollTrack in grdLojas is invalid.
Line 762: The property name ScrollBars in grdLojas is invalid.
Line 763: The property name ScrollTips in grdLojas is invalid.
Line 764: The property name MergeCells in grdLojas is invalid.
Line 765: The property name MergeCompare in grdLojas is invalid.
Line 766: The property name AutoResize in grdLojas is invalid.
Line 767: The property name AutoSizeMode in grdLojas is invalid.
Line 768: The property name AutoSearch in grdLojas is invalid.
Line 769: The property name AutoSearchDelay in grdLojas is invalid.
Line 770: The property name MultiTotals in grdLojas is invalid.
Line 771: The property name SubtotalPosition in grdLojas is invalid.
Line 772: The property name OutlineBar in grdLojas is invalid.
Line 773: The property name OutlineCol in grdLojas is invalid.
Line 774: The property name Ellipsis in grdLojas is invalid.
Line 775: The property name ExplorerBar in grdLojas is invalid.
Line 776: The property name PicturesOver in grdLojas is invalid.
Line 779: The property name PictureType in grdLojas is invalid.
Line 780: The property name TabBehavior in grdLojas is invalid.
Line 781: The property name OwnerDraw in grdLojas is invalid.
Line 782: The property name Editable in grdLojas is invalid.
Line 783: The property name ShowComboButton in grdLojas is invalid.
Line 784: The property name WordWrap in grdLojas is invalid.
Line 785: The property name TextStyle in grdLojas is invalid.
Line 786: The property name TextStyleFixed in grdLojas is invalid.
Line 789: The property name DataMode in grdLojas is invalid.
Line 790: The property name VirtualData in grdLojas is invalid.
Line 791: The property name ComboSearch in grdLojas is invalid.
Line 792: The property name AutoSizeMouse in grdLojas is invalid.
Line 793: The property name FrozenRows in grdLojas is invalid.
Line 794: The property name FrozenCols in grdLojas is invalid.
Line 795: The property name AllowUserFreezing in grdLojas is invalid.
Line 796: The property name BackColorFrozen in grdLojas is invalid.
Line 797: The property name ForeColorFrozen in grdLojas is invalid.
Line 798: The property name WallPaperAlignment in grdLojas is invalid.
