Line 62: Class DmacADMLoja.chameleonButton of control cmdRetornar was not a loaded control class.
Line 100: Class DmacADMLoja.chameleonButton of control cmdImprimir was not a loaded control class.
Line 138: Class DmacADMLoja.chameleonButton of control cmdOK was not a loaded control class.
Line 406: Class DmacADMLoja.chameleonButton of control cmdConfirma was not a loaded control class.
Line 68: The property name _ExtentX in cmdRetornar is invalid.
Line 69: The property name _ExtentY in cmdRetornar is invalid.
Line 70: The property name BTYPE in cmdRetornar is invalid.
Line 71: The property name TX in cmdRetornar is invalid.
Line 72: The property name ENAB in cmdRetornar is invalid.
Line 82: The property name COLTYPE in cmdRetornar is invalid.
Line 83: The property name FOCUSR in cmdRetornar is invalid.
Line 84: The property name BCOL in cmdRetornar is invalid.
Line 85: The property name BCOLO in cmdRetornar is invalid.
Line 86: The property name FCOL in cmdRetornar is invalid.
Line 87: The property name FCOLO in cmdRetornar is invalid.
Line 88: The property name MCOL in cmdRetornar is invalid.
Line 89: The property name MPTR in cmdRetornar is invalid.
Line 90: The property name MICON in cmdRetornar is invalid.
Line 91: The property name UMCOL in cmdRetornar is invalid.
Line 92: The property name SOFT in cmdRetornar is invalid.
Line 93: The property name PICPOS in cmdRetornar is invalid.
Line 94: The property name NGREY in cmdRetornar is invalid.
Line 95: The property name FX in cmdRetornar is invalid.
Line 96: The property name HAND in cmdRetornar is invalid.
Line 97: The property name CHECK in cmdRetornar is invalid.
Line 98: The property name VALUE in cmdRetornar is invalid.
Line 106: The property name _ExtentX in cmdImprimir is invalid.
Line 107: The property name _ExtentY in cmdImprimir is invalid.
Line 108: The property name BTYPE in cmdImprimir is invalid.
Line 109: The property name TX in cmdImprimir is invalid.
Line 110: The property name ENAB in cmdImprimir is invalid.
Line 120: The property name COLTYPE in cmdImprimir is invalid.
Line 121: The property name FOCUSR in cmdImprimir is invalid.
Line 122: The property name BCOL in cmdImprimir is invalid.
Line 123: The property name BCOLO in cmdImprimir is invalid.
Line 124: The property name FCOL in cmdImprimir is invalid.
Line 125: The property name FCOLO in cmdImprimir is invalid.
Line 126: The property name MCOL in cmdImprimir is invalid.
Line 127: The property name MPTR in cmdImprimir is invalid.
Line 128: The property name MICON in cmdImprimir is invalid.
Line 129: The property name UMCOL in cmdImprimir is invalid.
Line 130: The property name SOFT in cmdImprimir is invalid.
Line 131: The property name PICPOS in cmdImprimir is invalid.
Line 132: The property name NGREY in cmdImprimir is invalid.
Line 133: The property name FX in cmdImprimir is invalid.
Line 134: The property name HAND in cmdImprimir is invalid.
Line 135: The property name CHECK in cmdImprimir is invalid.
Line 136: The property name VALUE in cmdImprimir is invalid.
Line 144: The property name _ExtentX in cmdOK is invalid.
Line 145: The property name _ExtentY in cmdOK is invalid.
Line 146: The property name BTYPE in cmdOK is invalid.
Line 147: The property name TX in cmdOK is invalid.
Line 148: The property name ENAB in cmdOK is invalid.
Line 158: The property name COLTYPE in cmdOK is invalid.
Line 159: The property name FOCUSR in cmdOK is invalid.
Line 160: The property name BCOL in cmdOK is invalid.
Line 161: The property name BCOLO in cmdOK is invalid.
Line 162: The property name FCOL in cmdOK is invalid.
Line 163: The property name FCOLO in cmdOK is invalid.
Line 164: The property name MCOL in cmdOK is invalid.
Line 165: The property name MPTR in cmdOK is invalid.
Line 166: The property name MICON in cmdOK is invalid.
Line 167: The property name UMCOL in cmdOK is invalid.
Line 168: The property name SOFT in cmdOK is invalid.
Line 169: The property name PICPOS in cmdOK is invalid.
Line 170: The property name NGREY in cmdOK is invalid.
Line 171: The property name FX in cmdOK is invalid.
Line 172: The property name HAND in cmdOK is invalid.
Line 173: The property name CHECK in cmdOK is invalid.
Line 174: The property name VALUE in cmdOK is invalid.
Line 412: The property name _ExtentX in cmdConfirma is invalid.
Line 413: The property name _ExtentY in cmdConfirma is invalid.
Line 414: The property name BTYPE in cmdConfirma is invalid.
Line 415: The property name TX in cmdConfirma is invalid.
Line 416: The property name ENAB in cmdConfirma is invalid.
Line 426: The property name COLTYPE in cmdConfirma is invalid.
Line 427: The property name FOCUSR in cmdConfirma is invalid.
Line 428: The property name BCOL in cmdConfirma is invalid.
Line 429: The property name BCOLO in cmdConfirma is invalid.
Line 430: The property name FCOL in cmdConfirma is invalid.
Line 431: The property name FCOLO in cmdConfirma is invalid.
Line 432: The property name MCOL in cmdConfirma is invalid.
Line 433: The property name MPTR in cmdConfirma is invalid.
Line 434: The property name MICON in cmdConfirma is invalid.
Line 435: The property name UMCOL in cmdConfirma is invalid.
Line 436: The property name SOFT in cmdConfirma is invalid.
Line 437: The property name PICPOS in cmdConfirma is invalid.
Line 438: The property name NGREY in cmdConfirma is invalid.
Line 439: The property name FX in cmdConfirma is invalid.
Line 440: The property name HAND in cmdConfirma is invalid.
Line 441: The property name CHECK in cmdConfirma is invalid.
Line 442: The property name VALUE in cmdConfirma is invalid.
